#
# There is insufficient memory for the Java Runtime Environment to continue.
# Native memory allocation (malloc) failed to allocate 32744 bytes for ChunkPool::allocate
# Possible reasons:
#   The system is out of physical RAM or swap space
#   In 32 bit mode, the process size limit was hit
# Possible solutions:
#   Reduce memory load on the system
#   Increase physical memory or swap space
#   Check if swap backing store is full
#   Use 64 bit Java on a 64 bit OS
#   Decrease Java heap size (-Xmx/-Xms)
#   Decrease number of Java threads
#   Decrease Java thread stack sizes (-Xss)
#   Set larger code cache with -XX:ReservedCodeCacheSize=
# This output file may be truncated or incomplete.
#
#  Out of Memory Error (allocation.cpp:271), pid=7584, tid=6864
#
# JRE version: Java(TM) SE Runtime Environment (8.0_05-b13) (build 1.8.0_05-b13)
# Java VM: Java HotSpot(TM) 64-Bit Server VM (25.5-b02 mixed mode windows-amd64 compressed oops)
# Failed to write core dump. Minidumps are not enabled by default on client versions of Windows
#

---------------  T H R E A D  ---------------

Current thread (0x00000000192a3800):  JavaThread "C2 CompilerThread2" daemon [_thread_in_native, id=6864, stack(0x0000000019a70000,0x0000000019b70000)]

Stack: [0x0000000019a70000,0x0000000019b70000]
Native frames: (J=compiled Java code, j=interpreted, Vv=VM code, C=native code)
V  [jvm.dll+0x308dea]
V  [jvm.dll+0x25def1]
V  [jvm.dll+0x25eb0f]
V  [jvm.dll+0x2564e5]
V  [jvm.dll+0xbcd21]
V  [jvm.dll+0xbd45c]
V  [jvm.dll+0x484846]
V  [jvm.dll+0x436569]
V  [jvm.dll+0x44111e]
V  [jvm.dll+0x4436a9]
V  [jvm.dll+0x427532]
V  [jvm.dll+0x96702]
V  [jvm.dll+0x96ef3]
V  [jvm.dll+0x2232c4]
V  [jvm.dll+0x27baca]
C  [msvcr100.dll+0x21d9f]
C  [msvcr100.dll+0x21e3b]
C  [KERNEL32.DLL+0x18102]
C  [ntdll.dll+0x5c5b4]


Current CompileTask:
C2:   4856  782  s!   4       sun.misc.URLClassPath::getLoader (154 bytes)


---------------  P R O C E S S  ---------------

Java Threads: ( => current thread )
  0x0000000002232800 JavaThread "DestroyJavaVM" [_thread_blocked, id=4160, stack(0x00000000020e0000,0x00000000021e0000)]
  0x0000000019fc5000 JavaThread "AWT-EventQueue-0" [_thread_blocked, id=4972, stack(0x000000001afb0000,0x000000001b0b0000)]
  0x0000000019fac000 JavaThread "AWT-Windows" daemon [_thread_in_native, id=1788, stack(0x000000001a950000,0x000000001aa50000)]
  0x0000000019faa000 JavaThread "AWT-Shutdown" [_thread_blocked, id=6484, stack(0x000000001a850000,0x000000001a950000)]
  0x0000000019fa9000 JavaThread "Java2D Disposer" daemon [_thread_blocked, id=7452, stack(0x000000001a750000,0x000000001a850000)]
  0x0000000019337000 JavaThread "Service Thread" daemon [_thread_blocked, id=5100, stack(0x0000000019c70000,0x0000000019d70000)]
  0x00000000192b2800 JavaThread "C1 CompilerThread3" daemon [_thread_blocked, id=6888, stack(0x0000000019b70000,0x0000000019c70000)]
=>0x00000000192a3800 JavaThread "C2 CompilerThread2" daemon [_thread_in_native, id=6864, stack(0x0000000019a70000,0x0000000019b70000)]
  0x000000001929d800 JavaThread "C2 CompilerThread1" daemon [_thread_in_vm, id=6960, stack(0x0000000019970000,0x0000000019a70000)]
  0x000000001929b800 JavaThread "C2 CompilerThread0" daemon [_thread_blocked, id=7020, stack(0x0000000019870000,0x0000000019970000)]
  0x000000001929a000 JavaThread "Attach Listener" daemon [_thread_blocked, id=4672, stack(0x0000000019770000,0x0000000019870000)]
  0x0000000019299000 JavaThread "Signal Dispatcher" daemon [_thread_blocked, id=7252, stack(0x0000000019670000,0x0000000019770000)]
  0x000000000232a800 JavaThread "Finalizer" daemon [_thread_blocked, id=1960, stack(0x0000000019170000,0x0000000019270000)]
  0x0000000002322000 JavaThread "Reference Handler" daemon [_thread_blocked, id=8184, stack(0x0000000019070000,0x0000000019170000)]

Other Threads:
  0x0000000017298000 VMThread [stack: 0x0000000018f70000,0x0000000019070000] [id=4472]
  0x0000000019338800 WatcherThread [stack: 0x0000000019d70000,0x0000000019e70000] [id=6532]

VM state:synchronizing (normal execution)

VM Mutex/Monitor currently owned by a thread:  ([mutex/lock_event])
[0x000000000222e2c0] Threads_lock - owner thread: 0x0000000017298000
[0x000000000222dd40] Heap_lock - owner thread: 0x0000000019fc5000

Heap:
 PSYoungGen      total 4608K, used 4434K [0x00000000d5f80000, 0x00000000d6580000, 0x0000000100000000)
  eden space 3072K, 100% used [0x00000000d5f80000,0x00000000d6280000,0x00000000d6280000)
  from space 1536K, 88% used [0x00000000d6400000,0x00000000d6554ab0,0x00000000d6580000)
  to   space 1536K, 0% used [0x00000000d6280000,0x00000000d6280000,0x00000000d6400000)
 ParOldGen       total 129536K, used 1299K [0x0000000081e00000, 0x0000000089c80000, 0x00000000d5f80000)
  object space 129536K, 1% used [0x0000000081e00000,0x0000000081f44cb0,0x0000000089c80000)
 Metaspace       used 12012K, capacity 12124K, committed 12416K, reserved 1060864K
  class space    used 1568K, capacity 1596K, committed 1664K, reserved 1048576K

Card table byte_map: [0x00000000116f0000,0x0000000011af0000] byte_map_base: 0x00000000112e1000

Marking Bits: (ParMarkBitMap*) 0x00000000646813b0
 Begin Bits: [0x00000000125a0000, 0x0000000014528000)
 End Bits:   [0x0000000014528000, 0x00000000164b0000)

Polling page: 0x0000000000460000

CodeCache: size=245760Kb used=3003Kb max_used=3012Kb free=242756Kb
 bounds [0x0000000002330000, 0x0000000002630000, 0x0000000011330000]
 total_blobs=1295 nmethods=816 adapters=392
 compilation: enabled

Compilation events (10 events):
Event: 4.583 Thread 0x000000001929d800  777       4       java.util.concurrent.ConcurrentHashMap::tabAt (21 bytes)
Event: 4.584 Thread 0x00000000192b2800  778       3       java.lang.String::concat (47 bytes)
Event: 4.584 Thread 0x000000001929d800 nmethod 777 0x00000000025d5690 code [0x00000000025d57c0, 0x00000000025d5818]
Event: 4.584 Thread 0x00000000192b2800 nmethod 778 0x00000000025f0d10 code [0x00000000025f0ee0, 0x00000000025f1678]
Event: 4.584 Thread 0x00000000192b2800  779       3       java.lang.String::getChars (16 bytes)
Event: 4.584 Thread 0x00000000192b2800 nmethod 779 0x00000000025f08d0 code [0x00000000025f0a40, 0x00000000025f0c48]
Event: 4.585 Thread 0x00000000192b2800  781       3       java.net.URLStreamHandler::parseURL (1158 bytes)
Event: 4.586 Thread 0x000000001929b800 nmethod 773 0x00000000025f3550 code [0x00000000025f36a0, 0x00000000025f3ad8]
Event: 4.586 Thread 0x00000000192a3800  782  s!   4       sun.misc.URLClassPath::getLoader (154 bytes)
Event: 4.589 Thread 0x000000001929d800  784   !   4       sun.misc.URLClassPath$JarLoader::getResource (85 bytes)

GC Heap History (10 events):
Event: 0.455 GC heap before
{Heap before GC invocations=4 (full 0):
 PSYoungGen      total 1024K, used 1008K [0x00000000d5f80000, 0x00000000d6180000, 0x0000000100000000)
  eden space 512K, 100% used [0x00000000d5f80000,0x00000000d6000000,0x00000000d6000000)
  from space 512K, 96% used [0x00000000d6000000,0x00000000d607c010,0x00000000d6080000)
  to   space 512K, 0% used [0x00000000d6100000,0x00000000d6100000,0x00000000d6180000)
 ParOldGen       total 129536K, used 262K [0x0000000081e00000, 0x0000000089c80000, 0x00000000d5f80000)
  object space 129536K, 0% used [0x0000000081e00000,0x0000000081e41868,0x0000000089c80000)
 Metaspace       used 4882K, capacity 4950K, committed 5248K, reserved 1056768K
  class space    used 551K, capacity 586K, committed 640K, reserved 1048576K
Event: 0.456 GC heap after
Heap after GC invocations=4 (full 0):
 PSYoungGen      total 1536K, used 480K [0x00000000d5f80000, 0x00000000d6180000, 0x0000000100000000)
  eden space 1024K, 0% used [0x00000000d5f80000,0x00000000d5f80000,0x00000000d6080000)
  from space 512K, 93% used [0x00000000d6100000,0x00000000d6178020,0x00000000d6180000)
  to   space 512K, 0% used [0x00000000d6080000,0x00000000d6080000,0x00000000d6100000)
 ParOldGen       total 129536K, used 462K [0x0000000081e00000, 0x0000000089c80000, 0x00000000d5f80000)
  object space 129536K, 0% used [0x0000000081e00000,0x0000000081e73868,0x0000000089c80000)
 Metaspace       used 4882K, capacity 4950K, committed 5248K, reserved 1056768K
  class space    used 551K, capacity 586K, committed 640K, reserved 1048576K
}
Event: 0.521 GC heap before
{Heap before GC invocations=5 (full 0):
 PSYoungGen      total 1536K, used 1504K [0x00000000d5f80000, 0x00000000d6180000, 0x0000000100000000)
  eden space 1024K, 99% used [0x00000000d5f80000,0x00000000d607ffe8,0x00000000d6080000)
  from space 512K, 93% used [0x00000000d6100000,0x00000000d6178020,0x00000000d6180000)
  to   space 512K, 0% used [0x00000000d6080000,0x00000000d6080000,0x00000000d6100000)
 ParOldGen       total 129536K, used 462K [0x0000000081e00000, 0x0000000089c80000, 0x00000000d5f80000)
  object space 129536K, 0% used [0x0000000081e00000,0x0000000081e73868,0x0000000089c80000)
 Metaspace       used 5923K, capacity 6034K, committed 6144K, reserved 1056768K
  class space    used 676K, capacity 724K, committed 768K, reserved 1048576K
Event: 0.526 GC heap after
Heap after GC invocations=5 (full 0):
 PSYoungGen      total 1536K, used 480K [0x00000000d5f80000, 0x00000000d6380000, 0x0000000100000000)
  eden space 1024K, 0% used [0x00000000d5f80000,0x00000000d5f80000,0x00000000d6080000)
  from space 512K, 93% used [0x00000000d6080000,0x00000000d60f8020,0x00000000d6100000)
  to   space 1024K, 0% used [0x00000000d6280000,0x00000000d6280000,0x00000000d6380000)
 ParOldGen       total 129536K, used 782K [0x0000000081e00000, 0x0000000089c80000, 0x00000000d5f80000)
  object space 129536K, 0% used [0x0000000081e00000,0x0000000081ec3868,0x0000000089c80000)
 Metaspace       used 5923K, capacity 6034K, committed 6144K, reserved 1056768K
  class space    used 676K, capacity 724K, committed 768K, reserved 1048576K
}
Event: 4.237 GC heap before
{Heap before GC invocations=6 (full 0):
 PSYoungGen      total 1536K, used 1504K [0x00000000d5f80000, 0x00000000d6380000, 0x0000000100000000)
  eden space 1024K, 100% used [0x00000000d5f80000,0x00000000d6080000,0x00000000d6080000)
  from space 512K, 93% used [0x00000000d6080000,0x00000000d60f8020,0x00000000d6100000)
  to   space 1024K, 0% used [0x00000000d6280000,0x00000000d6280000,0x00000000d6380000)
 ParOldGen       total 129536K, used 782K [0x0000000081e00000, 0x0000000089c80000, 0x00000000d5f80000)
  object space 129536K, 0% used [0x0000000081e00000,0x0000000081ec3868,0x0000000089c80000)
 Metaspace       used 9523K, capacity 9668K, committed 9728K, reserved 1058816K
  class space    used 1208K, capacity 1272K, committed 1280K, reserved 1048576K
Event: 4.239 GC heap after
Heap after GC invocations=6 (full 0):
 PSYoungGen      total 2560K, used 992K [0x00000000d5f80000, 0x00000000d6480000, 0x0000000100000000)
  eden space 1536K, 0% used [0x00000000d5f80000,0x00000000d5f80000,0x00000000d6100000)
  from space 1024K, 96% used [0x00000000d6280000,0x00000000d6378020,0x00000000d6380000)
  to   space 1536K, 0% used [0x00000000d6100000,0x00000000d6100000,0x00000000d6280000)
 ParOldGen       total 129536K, used 898K [0x0000000081e00000, 0x0000000089c80000, 0x00000000d5f80000)
  object space 129536K, 0% used [0x0000000081e00000,0x0000000081ee0878,0x0000000089c80000)
 Metaspace       used 9523K, capacity 9668K, committed 9728K, reserved 1058816K
  class space    used 1208K, capacity 1272K, committed 1280K, reserved 1048576K
}
Event: 4.304 GC heap before
{Heap before GC invocations=7 (full 0):
 PSYoungGen      total 2560K, used 2528K [0x00000000d5f80000, 0x00000000d6480000, 0x0000000100000000)
  eden space 1536K, 100% used [0x00000000d5f80000,0x00000000d6100000,0x00000000d6100000)
  from space 1024K, 96% used [0x00000000d6280000,0x00000000d6378020,0x00000000d6380000)
  to   space 1536K, 0% used [0x00000000d6100000,0x00000000d6100000,0x00000000d6280000)
 ParOldGen       total 129536K, used 898K [0x0000000081e00000, 0x0000000089c80000, 0x00000000d5f80000)
  object space 129536K, 0% used [0x0000000081e00000,0x0000000081ee0878,0x0000000089c80000)
 Metaspace       used 10205K, capacity 10352K, committed 10624K, reserved 1058816K
  class space    used 1317K, capacity 1370K, committed 1408K, reserved 1048576K
Event: 4.306 GC heap after
Heap after GC invocations=7 (full 0):
 PSYoungGen      total 3072K, used 1216K [0x00000000d5f80000, 0x00000000d6580000, 0x0000000100000000)
  eden space 1536K, 0% used [0x00000000d5f80000,0x00000000d5f80000,0x00000000d6100000)
  from space 1536K, 79% used [0x00000000d6100000,0x00000000d6230000,0x00000000d6280000)
  to   space 1536K, 0% used [0x00000000d6400000,0x00000000d6400000,0x00000000d6580000)
 ParOldGen       total 129536K, used 1147K [0x0000000081e00000, 0x0000000089c80000, 0x00000000d5f80000)
  object space 129536K, 0% used [0x0000000081e00000,0x0000000081f1ecb0,0x0000000089c80000)
 Metaspace       used 10205K, capacity 10352K, committed 10624K, reserved 1058816K
  class space    used 1317K, capacity 1370K, committed 1408K, reserved 1048576K
}
Event: 4.555 GC heap before
{Heap before GC invocations=8 (full 0):
 PSYoungGen      total 3072K, used 2752K [0x00000000d5f80000, 0x00000000d6580000, 0x0000000100000000)
  eden space 1536K, 100% used [0x00000000d5f80000,0x00000000d6100000,0x00000000d6100000)
  from space 1536K, 79% used [0x00000000d6100000,0x00000000d6230000,0x00000000d6280000)
  to   space 1536K, 0% used [0x00000000d6400000,0x00000000d6400000,0x00000000d6580000)
 ParOldGen       total 129536K, used 1147K [0x0000000081e00000, 0x0000000089c80000, 0x00000000d5f80000)
  object space 129536K, 0% used [0x0000000081e00000,0x0000000081f1ecb0,0x0000000089c80000)
 Metaspace       used 11191K, capacity 11388K, committed 11520K, reserved 1058816K
  class space    used 1454K, capacity 1500K, committed 1536K, reserved 1048576K
Event: 4.557 GC heap after
Heap after GC invocations=8 (full 0):
 PSYoungGen      total 4608K, used 1362K [0x00000000d5f80000, 0x00000000d6580000, 0x0000000100000000)
  eden space 3072K, 0% used [0x00000000d5f80000,0x00000000d5f80000,0x00000000d6280000)
  from space 1536K, 88% used [0x00000000d6400000,0x00000000d6554ab0,0x00000000d6580000)
  to   space 1536K, 0% used [0x00000000d6280000,0x00000000d6280000,0x00000000d6400000)
 ParOldGen       total 129536K, used 1299K [0x0000000081e00000, 0x0000000089c80000, 0x00000000d5f80000)
  object space 129536K, 1% used [0x0000000081e00000,0x0000000081f44cb0,0x0000000089c80000)
 Metaspace       used 11191K, capacity 11388K, committed 11520K, reserved 1058816K
  class space    used 1454K, capacity 1500K, committed 1536K, reserved 1048576K
}

Deoptimization events (0 events):
No events

Internal exceptions (10 events):
Event: 4.587 Thread 0x0000000019fc5000 Exception <a 'java/security/PrivilegedActionException'> (0x00000000d606cc00) thrown at [D:\re\workspace\8-2-build-windows-amd64-cygwin\jdk8u5\2488\hotspot\src\share\vm\prims\jvm.cpp, line 1248]
Event: 4.588 Thread 0x0000000019fc5000 Exception <a 'java/security/PrivilegedActionException'> (0x00000000d6077270) thrown at [D:\re\workspace\8-2-build-windows-amd64-cygwin\jdk8u5\2488\hotspot\src\share\vm\prims\jvm.cpp, line 1248]
Event: 4.589 Thread 0x0000000019fc5000 Exception <a 'java/security/PrivilegedActionException'> (0x00000000d607e470) thrown at [D:\re\workspace\8-2-build-windows-amd64-cygwin\jdk8u5\2488\hotspot\src\share\vm\prims\jvm.cpp, line 1248]
Event: 4.589 Thread 0x0000000019fc5000 Exception <a 'java/security/PrivilegedActionException'> (0x00000000d6085cd0) thrown at [D:\re\workspace\8-2-build-windows-amd64-cygwin\jdk8u5\2488\hotspot\src\share\vm\prims\jvm.cpp, line 1248]
Event: 4.590 Thread 0x0000000019fc5000 Exception <a 'java/security/PrivilegedActionException'> (0x00000000d6090770) thrown at [D:\re\workspace\8-2-build-windows-amd64-cygwin\jdk8u5\2488\hotspot\src\share\vm\prims\jvm.cpp, line 1248]
Event: 4.590 Thread 0x0000000019fc5000 Exception <a 'java/security/PrivilegedActionException'> (0x00000000d6098168) thrown at [D:\re\workspace\8-2-build-windows-amd64-cygwin\jdk8u5\2488\hotspot\src\share\vm\prims\jvm.cpp, line 1248]
Event: 4.591 Thread 0x0000000019fc5000 Exception <a 'java/security/PrivilegedActionException'> (0x00000000d609f5f0) thrown at [D:\re\workspace\8-2-build-windows-amd64-cygwin\jdk8u5\2488\hotspot\src\share\vm\prims\jvm.cpp, line 1248]
Event: 4.591 Thread 0x0000000019fc5000 Exception <a 'java/security/PrivilegedActionException'> (0x00000000d60a7858) thrown at [D:\re\workspace\8-2-build-windows-amd64-cygwin\jdk8u5\2488\hotspot\src\share\vm\prims\jvm.cpp, line 1248]
Event: 4.592 Thread 0x0000000019fc5000 Exception <a 'java/security/PrivilegedActionException'> (0x00000000d60afa80) thrown at [D:\re\workspace\8-2-build-windows-amd64-cygwin\jdk8u5\2488\hotspot\src\share\vm\prims\jvm.cpp, line 1248]
Event: 4.592 Thread 0x0000000019fc5000 Exception <a 'java/security/PrivilegedActionException'> (0x00000000d60b6968) thrown at [D:\re\workspace\8-2-build-windows-amd64-cygwin\jdk8u5\2488\hotspot\src\share\vm\prims\jvm.cpp, line 1248]

Events (10 events):
Event: 4.590 loading class ch/qos/logback/core/pattern/PostCompileProcessor
Event: 4.590 loading class ch/qos/logback/core/pattern/PostCompileProcessor done
Event: 4.591 loading class ch/qos/logback/classic/pattern/DateConverter
Event: 4.591 loading class ch/qos/logback/classic/pattern/DateConverter done
Event: 4.591 loading class ch/qos/logback/classic/pattern/ClassicConverter
Event: 4.591 loading class ch/qos/logback/classic/pattern/ClassicConverter done
Event: 4.592 loading class ch/qos/logback/classic/spi/LoggerContextAware
Event: 4.592 loading class ch/qos/logback/classic/spi/LoggerContextAware done
Event: 4.592 loading class ch/qos/logback/core/pattern/DynamicConverter
Event: 4.592 loading class ch/qos/logback/core/pattern/DynamicConverter done


Dynamic libraries:
0x00007ff7c39f0000 - 0x00007ff7c3a24000 	C:\Program Files\Java\jdk1.8.0_05\jre\bin\java.exe
0x00007ff8e24c0000 - 0x00007ff8e2681000 	C:\Windows\SYSTEM32\ntdll.dll
0x00007ff8e0640000 - 0x00007ff8e06ed000 	C:\Windows\system32\KERNEL32.DLL
0x00007ff8df320000 - 0x00007ff8df508000 	C:\Windows\system32\KERNELBASE.dll
0x00007ff8df9f0000 - 0x00007ff8dfa97000 	C:\Windows\system32\ADVAPI32.dll
0x00007ff8e0c40000 - 0x00007ff8e0cdd000 	C:\Windows\system32\msvcrt.dll
0x00007ff8e2460000 - 0x00007ff8e24bb000 	C:\Windows\system32\sechost.dll
0x00007ff8df8d0000 - 0x00007ff8df9ec000 	C:\Windows\system32\RPCRT4.dll
0x00007ff8e06f0000 - 0x00007ff8e0846000 	C:\Windows\system32\USER32.dll
0x00007ff8e0220000 - 0x00007ff8e03a6000 	C:\Windows\system32\GDI32.dll
0x00007ff8db1a0000 - 0x00007ff8db414000 	C:\Windows\WinSxS\amd64_microsoft.windows.common-controls_6595b64144ccf1df_6.0.10586.0_none_8c15ae12515e1c22\COMCTL32.dll
0x00007ff8e03b0000 - 0x00007ff8e062d000 	C:\Windows\system32\combase.dll
0x00007ff8df5d0000 - 0x00007ff8df63a000 	C:\Windows\system32\bcryptPrimitives.dll
0x00007ff8e0a10000 - 0x00007ff8e0a4b000 	C:\Windows\system32\IMM32.DLL
0x0000000063df0000 - 0x0000000063ec2000 	C:\Program Files\Java\jdk1.8.0_05\jre\bin\msvcr100.dll
0x0000000063ed0000 - 0x00000000646fa000 	C:\Program Files\Java\jdk1.8.0_05\jre\bin\server\jvm.dll
0x00007ff8df8c0000 - 0x00007ff8df8c8000 	C:\Windows\system32\PSAPI.DLL
0x00007ff8cff60000 - 0x00007ff8cff69000 	C:\Windows\SYSTEM32\WSOCK32.dll
0x00007ff8dc500000 - 0x00007ff8dc523000 	C:\Windows\SYSTEM32\WINMM.dll
0x00007ff8e0bc0000 - 0x00007ff8e0c2b000 	C:\Windows\system32\WS2_32.dll
0x00007ff8dc4a0000 - 0x00007ff8dc4cc000 	C:\Windows\SYSTEM32\WINMMBASE.dll
0x00007ff8dec20000 - 0x00007ff8dec63000 	C:\Windows\system32\cfgmgr32.dll
0x0000000064d00000 - 0x0000000064d0f000 	C:\Program Files\Java\jdk1.8.0_05\jre\bin\verify.dll
0x0000000064cd0000 - 0x0000000064cf8000 	C:\Program Files\Java\jdk1.8.0_05\jre\bin\java.dll
0x0000000063dd0000 - 0x0000000063de6000 	C:\Program Files\Java\jdk1.8.0_05\jre\bin\zip.dll
0x00007ff8e0ce0000 - 0x00007ff8e223c000 	C:\Windows\system32\SHELL32.dll
0x00007ff8dec70000 - 0x00007ff8df2b5000 	C:\Windows\system32\windows.storage.dll
0x00007ff8e09b0000 - 0x00007ff8e0a02000 	C:\Windows\system32\shlwapi.dll
0x00007ff8deb50000 - 0x00007ff8deb5f000 	C:\Windows\system32\kernel.appcore.dll
0x00007ff8df510000 - 0x00007ff8df5c5000 	C:\Windows\system32\shcore.dll
0x00007ff8deae0000 - 0x00007ff8deb2b000 	C:\Windows\system32\powrprof.dll
0x00007ff8deb30000 - 0x00007ff8deb44000 	C:\Windows\system32\profapi.dll
0x0000000063bf0000 - 0x0000000063d86000 	C:\Program Files\Java\jdk1.8.0_05\jre\bin\awt.dll
0x00007ff8e2240000 - 0x00007ff8e2301000 	C:\Windows\system32\OLEAUT32.dll
0x00007ff8dc9b0000 - 0x00007ff8dca29000 	C:\Windows\system32\apphelp.dll
0x00007ff8dcbe0000 - 0x00007ff8dcc76000 	C:\Windows\system32\uxtheme.dll
0x00007ff8e0850000 - 0x00007ff8e09aa000 	C:\Windows\system32\MSCTF.dll
0x00007ff8db420000 - 0x00007ff8db442000 	C:\Windows\system32\dwmapi.dll
0x00007ff8e2310000 - 0x00007ff8e2453000 	C:\Windows\system32\ole32.dll
0x00007ff8cb880000 - 0x00007ff8cba90000 	C:\Windows\system32\d3d9.dll
0x00007ff8b9680000 - 0x00007ff8ba709000 	C:\Windows\SYSTEM32\nvd3dumx.dll
0x00007ff8dbaf0000 - 0x00007ff8dbafa000 	C:\Windows\SYSTEM32\VERSION.dll
0x00007ff8cc390000 - 0x00007ff8cc547000 	C:\Windows\system32\nvspcap64.dll
0x00007ff8dfaa0000 - 0x00007ff8dfec9000 	C:\Windows\system32\SETUPAPI.dll
0x00007ff8d5100000 - 0x00007ff8d51c8000 	C:\Windows\SYSTEM32\WINHTTP.dll
0x00007ff8d9fe0000 - 0x00007ff8da395000 	C:\Windows\system32\nvapi64.dll
0x00007ff8dae30000 - 0x00007ff8daed3000 	C:\Windows\SYSTEM32\dxgi.dll
0x00007ff8de5a0000 - 0x00007ff8de5cd000 	C:\Windows\SYSTEM32\SspiCli.dll
0x00007ff8de8c0000 - 0x00007ff8de8e7000 	C:\Windows\SYSTEM32\DEVOBJ.dll
0x00007ff8df2c0000 - 0x00007ff8df315000 	C:\Windows\system32\WINTRUST.dll
0x00007ff8deb60000 - 0x00007ff8deb70000 	C:\Windows\system32\MSASN1.dll
0x00007ff8df6f0000 - 0x00007ff8df8b7000 	C:\Windows\system32\CRYPT32.dll
0x0000000063ba0000 - 0x0000000063be7000 	C:\Program Files\Java\jdk1.8.0_05\jre\bin\fontmanager.dll
0x0000000063db0000 - 0x0000000063dca000 	C:\Program Files\Java\jdk1.8.0_05\jre\bin\net.dll
0x00007ff8de1f0000 - 0x00007ff8de24c000 	C:\Windows\system32\mswsock.dll
0x0000000063d90000 - 0x0000000063da1000 	C:\Program Files\Java\jdk1.8.0_05\jre\bin\nio.dll
0x0000000063b50000 - 0x0000000063b91000 	C:\Program Files\Java\jdk1.8.0_05\jre\bin\t2k.dll
0x00007ff8e0100000 - 0x00007ff8e01a7000 	C:\Windows\system32\clbcatq.dll
0x00007ff8da430000 - 0x00007ff8da5e1000 	C:\Windows\SYSTEM32\WindowsCodecs.dll
0x00007ff8ccc30000 - 0x00007ff8ccc7a000 	C:\Windows\system32\dataexchange.dll
0x00007ff8daee0000 - 0x00007ff8db188000 	C:\Windows\system32\d3d11.dll
0x00007ff8dc7b0000 - 0x00007ff8dc893000 	C:\Windows\system32\dcomp.dll
0x00007ff8dcd50000 - 0x00007ff8dce50000 	C:\Windows\system32\twinapi.appcore.dll
0x00007ff8dea10000 - 0x00007ff8dea39000 	C:\Windows\system32\bcrypt.dll
0x000000006a000000 - 0x000000006a025000 	C:\Users\Dj Shoha\.jssc\windows\jSSC-2.6_x86_64.dll
0x00007ff8bc760000 - 0x00007ff8bc8ec000 	C:\Windows\SYSTEM32\dbghelp.dll

VM Arguments:
jvm_args: -Dfile.encoding=UTF-8 
java_command: com.fourgenius.www.user_FrontEnd.Jf_autoMation
java_class_path (initial): C:\Users\Dj Shoha\Documents\NetBeansProjects\xyzzyx_deepalsuranga\lib\MySQLDriver\mysql-connector-java-5.1.23-bin.jar;C:\Users\Dj Shoha\Documents\NetBeansProjects\xyzzyx_deepalsuranga\lib\commons-beanutils-1.8.2.jar;C:\Users\Dj Shoha\Documents\NetBeansProjects\xyzzyx_deepalsuranga\lib\commons-collections-3.2.1.jar;C:\Users\Dj Shoha\Documents\NetBeansProjects\xyzzyx_deepalsuranga\lib\commons-digester-2.1.jar;C:\Users\Dj Shoha\Documents\NetBeansProjects\xyzzyx_deepalsuranga\lib\commons-javaflow-20060411.jar;C:\Users\Dj Shoha\Documents\NetBeansProjects\xyzzyx_deepalsuranga\lib\commons-logging-1.1.jar;C:\Users\Dj Shoha\Documents\NetBeansProjects\xyzzyx_deepalsuranga\lib\jasperreports-5.0.1.jar;C:\Users\Dj Shoha\Documents\NetBeansProjects\xyzzyx_deepalsuranga\lib\jasperreports-5.1.0.jar;C:\Users\Dj Shoha\Documents\NetBeansProjects\xyzzyx_deepalsuranga\lib\mysql-connector-java-5.1.23-bin.jar;C:\Users\Dj Shoha\Documents\NetBeansProjects\xyzzyx_deepalsuranga\lib\jcalendar-1.4.jar;C:\Users\Dj Shoha\Documents\NetBeansProjects\xyzzyx_deepalsuranga\lib\DateChooser.jar;C:\Users\Dj Shoha\Documents\NetBeansProjects\xyzzyx_deepalsuranga\lib\AbsoluteLayout.jar;C:\Users\Dj Shoha\Documents\NetBeansProjects\xyzzyx_deepalsuranga\lib\mail.jar;C:\Users\Dj Shoha\Documents\NetBeansProjects\xyzzyx_deepalsuranga\lib\balloontip-1.2.4.1.jar;C:\Users\Dj Shoha\Documents\NetBeansProjects\xyzzyx_deepalsuranga\lib\javacv.jar;C:\Users\Dj Shoha\Documents\NetBeansProjects\xyzzyx_deepalsuranga\lib\qrgen-1.0.jar;C:\Users\Dj Shoha\Documents\NetBeansProjects\xyzzyx_deepalsuranga\lib\opencv-2.4.8-windows-x86.jar;C:\Users\Dj Shoha\Documents\NetBeansProjects\xyzzyx_deepalsuranga\lib\opencv-2.4.8-windows-x86_64.jar;C:\Users\Dj Shoha\Documents\NetBeansProjects\xyzzyx_deepalsuranga\lib\activation-1.1.jar;C:\Users\Dj Shoha\Documents\NetBeansProjects\xyzzyx_deepalsuranga\lib\activation.jar;C:\Users\Dj Shoha\Documents\NetBeansProjects\xyzzyx_deepalsuranga\lib\ffmpeg-2.1.1-windows-x86.ja
Launcher Type: SUN_STANDARD

Environment Variables:
PATH=C:\Windows\system32;C:\Windows;C:\Windows\System32\Wbem;C:\Windows\System32\WindowsPowerShell\v1.0\;C:\Program Files (x86)\NVIDIA Corporation\PhysX\Common;C:\Program Files\Microsoft SQL Server\110\Tools\Binn\
USERNAME=Dj Shoha
OS=Windows_NT
PROCESSOR_IDENTIFIER=Intel64 Family 6 Model 58 Stepping 9, GenuineIntel



---------------  S Y S T E M  ---------------

OS: Windows 8.1 , 64 bit Build 9600 

CPU:total 8 (4 cores per cpu, 2 threads per core) family 6 model 58 stepping 9, cmov, cx8, fxsr, mmx, sse, sse2, sse3, ssse3, sse4.1, sse4.2, popcnt, avx, aes, clmul, erms, ht, tsc, tscinvbit

Memory: 4k page, physical 8260888k(2754896k free), swap 11332888k(9236k free)

vm_info: Java HotSpot(TM) 64-Bit Server VM (25.5-b02) for windows-amd64 JRE (1.8.0_05-b13), built on Mar 18 2014 01:08:39 by "java_re" with MS VC++ 10.0 (VS2010)

time: Thu Apr 07 23:22:17 2016
elapsed time: 4 seconds

