#
# A fatal error has been detected by the Java Runtime Environment:
#
#  EXCEPTION_ACCESS_VIOLATION (0xc0000005) at pc=0x00007ffac47d3fb8, pid=6360, tid=0x000000000000172c
#
# JRE version: Java(TM) SE Runtime Environment (8.0_151-b12) (build 1.8.0_151-b12)
# Java VM: Java HotSpot(TM) 64-Bit Server VM (25.151-b12 mixed mode windows-amd64 compressed oops)
# Problematic frame:
# C  [KERNELBASE.dll+0x13fb8]
#
# Failed to write core dump. Minidumps are not enabled by default on client versions of Windows
#
# If you would like to submit a bug report, please visit:
#   http://bugreport.java.com/bugreport/crash.jsp
# The crash happened outside the Java Virtual Machine in native code.
# See problematic frame for where to report the bug.
#

---------------  T H R E A D  ---------------

Current thread (0x000000001c886000):  JavaThread "Thread-7" [_thread_in_native, id=5932, stack(0x0000000022070000,0x0000000022170000)]

siginfo: ExceptionCode=0xc0000005, reading address 0x0000000000000000

Registers:
RAX=0x000000000000172c, RBX=0x000000002216ec40, RCX=0x000000000000172c, RDX=0x0000000000000170
RSP=0x000000002216ce90, RBP=0x000000002216d530, RSI=0x000000002216f130, RDI=0x000000002216dc90
R8 =0x00007ffac7913476, R9 =0x000000002216cad0, R10=0x00000000003a7000, R11=0x0000000000000000
R12=0x000000002216e2e8, R13=0x0000000000000000, R14=0x000000002216cfe0, R15=0x00007ffa6ad54c20
RIP=0x00007ffac47d3fb8, EFLAGS=0x0000000000000206

Top of Stack: (sp=0x000000002216ce90)
0x000000002216ce90:   0000000000000000 000000002216ec40
0x000000002216cea0:   000000002216f130 000000002216dc90
0x000000002216ceb0:   00000000c0000005 0000000000000000
0x000000002216cec0:   00007ffac47d3fb8 0000000000000002
0x000000002216ced0:   0000000000000000 0000000000000000
0x000000002216cee0:   0000000019930520 0000000000000000
0x000000002216cef0:   0000584134cea30f 0000000000000000
0x000000002216cf00:   000000002216f560 000000006b7d20da
0x000000002216cf10:   0000000000000000 000000002216ec40
0x000000002216cf20:   000000002216dc90 000000002216d070
0x000000002216cf30:   000000002216dc90 000000006b7d20fb
0x000000002216cf40:   000000002216ec40 000000002216f560
0x000000002216cf50:   0000689d1d6b614c 00007ffac78bf888
0x000000002216cf60:   000000002216ec40 000000006b8104d6
0x000000002216cf70:   00007ffa6ad54c20 000000002216e2e8
0x000000002216cf80:   0000001700000100 000000002216d080 

Instructions: (pc=0x00007ffac47d3fb8)
0x00007ffac47d3f98:   49 8b d1 44 0f 47 c0 44 89 44 24 38 49 c1 e0 03
0x00007ffac47d3fa8:   e8 ba 16 07 00 48 8d 4c 24 20 ff 15 38 4b 16 00
0x00007ffac47d3fb8:   48 8b 8c 24 c0 00 00 00 48 33 cc e8 98 e6 06 00
0x00007ffac47d3fc8:   48 81 c4 d8 00 00 00 c3 83 64 24 38 00 eb d6 cc 


Register to memory mapping:

RAX=0x000000000000172c is an unknown value
RBX=0x000000002216ec40 is pointing into the stack for thread: 0x000000001c886000
RCX=0x000000000000172c is an unknown value
RDX=0x0000000000000170 is an unknown value
RSP=0x000000002216ce90 is pointing into the stack for thread: 0x000000001c886000
RBP=0x000000002216d530 is pointing into the stack for thread: 0x000000001c886000
RSI=0x000000002216f130 is pointing into the stack for thread: 0x000000001c886000
RDI=0x000000002216dc90 is pointing into the stack for thread: 0x000000001c886000
R8 =0x00007ffac7913476 is an unknown value
R9 =0x000000002216cad0 is pointing into the stack for thread: 0x000000001c886000
R10=0x00000000003a7000 is an unknown value
R11=0x0000000000000000 is an unknown value
R12=0x000000002216e2e8 is pointing into the stack for thread: 0x000000001c886000
R13=0x0000000000000000 is an unknown value
R14=0x000000002216cfe0 is pointing into the stack for thread: 0x000000001c886000
R15=0x00007ffa6ad54c20 is an unknown value


Stack: [0x0000000022070000,0x0000000022170000],  sp=0x000000002216ce90,  free space=1011k
Native frames: (J=compiled Java code, j=interpreted, Vv=VM code, C=native code)
C  [KERNELBASE.dll+0x13fb8]

Java frames: (J=compiled Java code, j=interpreted, Vv=VM code)
j  com.googlecode.javacv.cpp.opencv_highgui.cvCreateCameraCapture(I)Lcom/googlecode/javacv/cpp/opencv_highgui$CvCapture;+0
j  com.fourgenius.www.public_access.registration.student.Jp_registration_student_informations$36.run()V+1
v  ~StubRoutines::call_stub

---------------  P R O C E S S  ---------------

Java Threads: ( => current thread )
=>0x000000001c886000 JavaThread "Thread-7" [_thread_in_native, id=5932, stack(0x0000000022070000,0x0000000022170000)]
  0x000000001ff25000 JavaThread "Thread-4" [_thread_in_native, id=8340, stack(0x0000000021e70000,0x0000000021f70000)]
  0x000000001b507800 JavaThread "Abandoned connection cleanup thread" daemon [_thread_blocked, id=6200, stack(0x0000000021770000,0x0000000021870000)]
  0x000000001b4d2800 JavaThread "TimerQueue" daemon [_thread_in_Java, id=9164, stack(0x0000000020380000,0x0000000020480000)]
  0x00000000044ee800 JavaThread "DestroyJavaVM" [_thread_blocked, id=7272, stack(0x0000000004370000,0x0000000004470000)]
  0x000000001c67f800 JavaThread "AWT-EventQueue-0" [_thread_in_vm, id=2240, stack(0x000000001db40000,0x000000001dc40000)]
  0x000000001c5d6800 JavaThread "AWT-Windows" daemon [_thread_in_native, id=6404, stack(0x000000001d100000,0x000000001d200000)]
  0x000000001c5d2800 JavaThread "AWT-Shutdown" [_thread_blocked, id=9052, stack(0x000000001d000000,0x000000001d100000)]
  0x000000001c5e2800 JavaThread "Java2D Disposer" daemon [_thread_blocked, id=9908, stack(0x000000001cf00000,0x000000001d000000)]
  0x000000001b500000 JavaThread "Service Thread" daemon [_thread_blocked, id=9312, stack(0x000000001c120000,0x000000001c220000)]
  0x000000001b467800 JavaThread "C1 CompilerThread3" daemon [_thread_blocked, id=5136, stack(0x000000001c020000,0x000000001c120000)]
  0x000000001b463000 JavaThread "C2 CompilerThread2" daemon [_thread_blocked, id=4844, stack(0x000000001bf20000,0x000000001c020000)]
  0x000000001b45f800 JavaThread "C2 CompilerThread1" daemon [_thread_blocked, id=10736, stack(0x000000001be20000,0x000000001bf20000)]
  0x000000001b458800 JavaThread "C2 CompilerThread0" daemon [_thread_blocked, id=5496, stack(0x000000001bd20000,0x000000001be20000)]
  0x000000001b457800 JavaThread "Attach Listener" daemon [_thread_blocked, id=6936, stack(0x000000001bc20000,0x000000001bd20000)]
  0x000000001b456800 JavaThread "Signal Dispatcher" daemon [_thread_blocked, id=11116, stack(0x000000001bb20000,0x000000001bc20000)]
  0x000000001b450800 JavaThread "Finalizer" daemon [_thread_blocked, id=572, stack(0x000000001b830000,0x000000001b930000)]
  0x000000001955d800 JavaThread "Reference Handler" daemon [_thread_blocked, id=5460, stack(0x000000001b330000,0x000000001b430000)]

Other Threads:
  0x0000000019559000 VMThread [stack: 0x000000001b230000,0x000000001b330000] [id=7748]
  0x000000001b52f000 WatcherThread [stack: 0x000000001c220000,0x000000001c320000] [id=6456]

VM state:not at safepoint (normal execution)

VM Mutex/Monitor currently owned by a thread: None

Heap:
 PSYoungGen      total 69632K, used 69148K [0x00000000d5f80000, 0x00000000ddd80000, 0x0000000100000000)
  eden space 69120K, 99% used [0x00000000d5f80000,0x00000000da2df0a0,0x00000000da300000)
  from space 512K, 31% used [0x00000000ddd00000,0x00000000ddd28000,0x00000000ddd80000)
  to   space 512K, 0% used [0x00000000ddc80000,0x00000000ddc80000,0x00000000ddd00000)
 ParOldGen       total 87552K, used 34390K [0x0000000081e00000, 0x0000000087380000, 0x00000000d5f80000)
  object space 87552K, 39% used [0x0000000081e00000,0x0000000083f958b8,0x0000000087380000)
 Metaspace       used 20301K, capacity 20608K, committed 21120K, reserved 1067008K
  class space    used 2454K, capacity 2564K, committed 2688K, reserved 1048576K

Card table byte_map: [0x00000000139b0000,0x0000000013db0000] byte_map_base: 0x00000000135a1000

Marking Bits: (ParMarkBitMap*) 0x000000006c0ad850
 Begin Bits: [0x0000000014860000, 0x00000000167e8000)
 End Bits:   [0x00000000167e8000, 0x0000000018770000)

Polling page: 0x0000000002ae0000

CodeCache: size=245760Kb used=9955Kb max_used=9975Kb free=235804Kb
 bounds [0x00000000045f0000, 0x0000000004fd0000, 0x00000000135f0000]
 total_blobs=3652 nmethods=3052 adapters=510
 compilation: enabled

Compilation events (10 events):
Event: 406.102 Thread 0x000000001b467800 3879       3       java.net.URI$Parser::scan (50 bytes)
Event: 406.102 Thread 0x000000001b467800 nmethod 3879 0x0000000004b4ca90 code [0x0000000004b4cc60, 0x0000000004b4d4c8]
Event: 406.103 Thread 0x000000001b467800 3880       3       sun.reflect.annotation.AnnotationInvocationHandler::cloneArray (170 bytes)
Event: 406.104 Thread 0x000000001b467800 nmethod 3880 0x0000000004eb4dd0 code [0x0000000004eb5060, 0x0000000004eb63c8]
Event: 406.104 Thread 0x000000001b467800 3881       3       java.net.URI$Parser::at (20 bytes)
Event: 406.104 Thread 0x000000001b467800 nmethod 3881 0x0000000004eb4590 code [0x0000000004eb4720, 0x0000000004eb4b68]
Event: 406.105 Thread 0x000000001b467800 3882       1       java.lang.ClassLoaderHelper::mapAlternativeName (2 bytes)
Event: 406.105 Thread 0x000000001b467800 nmethod 3882 0x0000000004add4d0 code [0x0000000004add620, 0x0000000004add710]
Event: 406.105 Thread 0x000000001b463000 3883       4       java.net.URI::match (56 bytes)
Event: 406.106 Thread 0x000000001b463000 nmethod 3883 0x0000000004cc7710 code [0x0000000004cc7840, 0x0000000004cc7918]

GC Heap History (10 events):
Event: 405.541 GC heap before
{Heap before GC invocations=3954 (full 2):
 PSYoungGen      total 59904K, used 59552K [0x00000000d5f80000, 0x00000000ddd80000, 0x0000000100000000)
  eden space 59392K, 100% used [0x00000000d5f80000,0x00000000d9980000,0x00000000d9980000)
  from space 512K, 31% used [0x00000000ddc80000,0x00000000ddca8000,0x00000000ddd00000)
  to   space 512K, 0% used [0x00000000ddd00000,0x00000000ddd00000,0x00000000ddd80000)
 ParOldGen       total 87552K, used 34102K [0x0000000081e00000, 0x0000000087380000, 0x00000000d5f80000)
  object space 87552K, 38% used [0x0000000081e00000,0x0000000083f4d8b8,0x0000000087380000)
 Metaspace       used 20087K, capacity 20352K, committed 20736K, reserved 1067008K
  class space    used 2416K, capacity 2500K, committed 2560K, reserved 1048576K
Event: 405.542 GC heap after
Heap after GC invocations=3954 (full 2):
 PSYoungGen      total 58368K, used 128K [0x00000000d5f80000, 0x00000000ddd80000, 0x0000000100000000)
  eden space 57856K, 0% used [0x00000000d5f80000,0x00000000d5f80000,0x00000000d9800000)
  from space 512K, 25% used [0x00000000ddd00000,0x00000000ddd20000,0x00000000ddd80000)
  to   space 512K, 0% used [0x00000000ddc80000,0x00000000ddc80000,0x00000000ddd00000)
 ParOldGen       total 87552K, used 34126K [0x0000000081e00000, 0x0000000087380000, 0x00000000d5f80000)
  object space 87552K, 38% used [0x0000000081e00000,0x0000000083f538b8,0x0000000087380000)
 Metaspace       used 20087K, capacity 20352K, committed 20736K, reserved 1067008K
  class space    used 2416K, capacity 2500K, committed 2560K, reserved 1048576K
}
Event: 405.660 GC heap before
{Heap before GC invocations=3955 (full 2):
 PSYoungGen      total 58368K, used 57984K [0x00000000d5f80000, 0x00000000ddd80000, 0x0000000100000000)
  eden space 57856K, 100% used [0x00000000d5f80000,0x00000000d9800000,0x00000000d9800000)
  from space 512K, 25% used [0x00000000ddd00000,0x00000000ddd20000,0x00000000ddd80000)
  to   space 512K, 0% used [0x00000000ddc80000,0x00000000ddc80000,0x00000000ddd00000)
 ParOldGen       total 87552K, used 34126K [0x0000000081e00000, 0x0000000087380000, 0x00000000d5f80000)
  object space 87552K, 38% used [0x0000000081e00000,0x0000000083f538b8,0x0000000087380000)
 Metaspace       used 20087K, capacity 20352K, committed 20736K, reserved 1067008K
  class space    used 2416K, capacity 2500K, committed 2560K, reserved 1048576K
Event: 405.661 GC heap after
Heap after GC invocations=3955 (full 2):
 PSYoungGen      total 56832K, used 128K [0x00000000d5f80000, 0x00000000ddd80000, 0x0000000100000000)
  eden space 56320K, 0% used [0x00000000d5f80000,0x00000000d5f80000,0x00000000d9680000)
  from space 512K, 25% used [0x00000000ddc80000,0x00000000ddca0000,0x00000000ddd00000)
  to   space 512K, 0% used [0x00000000ddd00000,0x00000000ddd00000,0x00000000ddd80000)
 ParOldGen       total 87552K, used 34134K [0x0000000081e00000, 0x0000000087380000, 0x00000000d5f80000)
  object space 87552K, 38% used [0x0000000081e00000,0x0000000083f558b8,0x0000000087380000)
 Metaspace       used 20087K, capacity 20352K, committed 20736K, reserved 1067008K
  class space    used 2416K, capacity 2500K, committed 2560K, reserved 1048576K
}
Event: 405.793 GC heap before
{Heap before GC invocations=3956 (full 2):
 PSYoungGen      total 56832K, used 56448K [0x00000000d5f80000, 0x00000000ddd80000, 0x0000000100000000)
  eden space 56320K, 100% used [0x00000000d5f80000,0x00000000d9680000,0x00000000d9680000)
  from space 512K, 25% used [0x00000000ddc80000,0x00000000ddca0000,0x00000000ddd00000)
  to   space 512K, 0% used [0x00000000ddd00000,0x00000000ddd00000,0x00000000ddd80000)
 ParOldGen       total 87552K, used 34134K [0x0000000081e00000, 0x0000000087380000, 0x00000000d5f80000)
  object space 87552K, 38% used [0x0000000081e00000,0x0000000083f558b8,0x0000000087380000)
 Metaspace       used 20087K, capacity 20352K, committed 20736K, reserved 1067008K
  class space    used 2416K, capacity 2500K, committed 2560K, reserved 1048576K
Event: 405.795 GC heap after
Heap after GC invocations=3956 (full 2):
 PSYoungGen      total 55296K, used 160K [0x00000000d5f80000, 0x00000000ddd80000, 0x0000000100000000)
  eden space 54784K, 0% used [0x00000000d5f80000,0x00000000d5f80000,0x00000000d9500000)
  from space 512K, 31% used [0x00000000ddd00000,0x00000000ddd28000,0x00000000ddd80000)
  to   space 512K, 0% used [0x00000000ddc80000,0x00000000ddc80000,0x00000000ddd00000)
 ParOldGen       total 87552K, used 34134K [0x0000000081e00000, 0x0000000087380000, 0x00000000d5f80000)
  object space 87552K, 38% used [0x0000000081e00000,0x0000000083f558b8,0x0000000087380000)
 Metaspace       used 20087K, capacity 20352K, committed 20736K, reserved 1067008K
  class space    used 2416K, capacity 2500K, committed 2560K, reserved 1048576K
}
Event: 405.925 GC heap before
{Heap before GC invocations=3957 (full 2):
 PSYoungGen      total 55296K, used 54944K [0x00000000d5f80000, 0x00000000ddd80000, 0x0000000100000000)
  eden space 54784K, 100% used [0x00000000d5f80000,0x00000000d9500000,0x00000000d9500000)
  from space 512K, 31% used [0x00000000ddd00000,0x00000000ddd28000,0x00000000ddd80000)
  to   space 512K, 0% used [0x00000000ddc80000,0x00000000ddc80000,0x00000000ddd00000)
 ParOldGen       total 87552K, used 34134K [0x0000000081e00000, 0x0000000087380000, 0x00000000d5f80000)
  object space 87552K, 38% used [0x0000000081e00000,0x0000000083f558b8,0x0000000087380000)
 Metaspace       used 20087K, capacity 20352K, committed 20736K, reserved 1067008K
  class space    used 2416K, capacity 2500K, committed 2560K, reserved 1048576K
Event: 405.926 GC heap after
Heap after GC invocations=3957 (full 2):
 PSYoungGen      total 53760K, used 160K [0x00000000d5f80000, 0x00000000ddd80000, 0x0000000100000000)
  eden space 53248K, 0% used [0x00000000d5f80000,0x00000000d5f80000,0x00000000d9380000)
  from space 512K, 31% used [0x00000000ddc80000,0x00000000ddca8000,0x00000000ddd00000)
  to   space 512K, 0% used [0x00000000ddd00000,0x00000000ddd00000,0x00000000ddd80000)
 ParOldGen       total 87552K, used 34134K [0x0000000081e00000, 0x0000000087380000, 0x00000000d5f80000)
  object space 87552K, 38% used [0x0000000081e00000,0x0000000083f558b8,0x0000000087380000)
 Metaspace       used 20087K, capacity 20352K, committed 20736K, reserved 1067008K
  class space    used 2416K, capacity 2500K, committed 2560K, reserved 1048576K
}
Event: 406.069 GC heap before
{Heap before GC invocations=3958 (full 2):
 PSYoungGen      total 53760K, used 53408K [0x00000000d5f80000, 0x00000000ddd80000, 0x0000000100000000)
  eden space 53248K, 100% used [0x00000000d5f80000,0x00000000d9380000,0x00000000d9380000)
  from space 512K, 31% used [0x00000000ddc80000,0x00000000ddca8000,0x00000000ddd00000)
  to   space 512K, 0% used [0x00000000ddd00000,0x00000000ddd00000,0x00000000ddd80000)
 ParOldGen       total 87552K, used 34134K [0x0000000081e00000, 0x0000000087380000, 0x00000000d5f80000)
  object space 87552K, 38% used [0x0000000081e00000,0x0000000083f558b8,0x0000000087380000)
 Metaspace       used 20087K, capacity 20352K, committed 20736K, reserved 1067008K
  class space    used 2416K, capacity 2500K, committed 2560K, reserved 1048576K
Event: 406.070 GC heap after
Heap after GC invocations=3958 (full 2):
 PSYoungGen      total 52224K, used 192K [0x00000000d5f80000, 0x00000000ddd80000, 0x0000000100000000)
  eden space 51712K, 0% used [0x00000000d5f80000,0x00000000d5f80000,0x00000000d9200000)
  from space 512K, 37% used [0x00000000ddd00000,0x00000000ddd30000,0x00000000ddd80000)
  to   space 512K, 0% used [0x00000000ddc80000,0x00000000ddc80000,0x00000000ddd00000)
 ParOldGen       total 87552K, used 34142K [0x0000000081e00000, 0x0000000087380000, 0x00000000d5f80000)
  object space 87552K, 38% used [0x0000000081e00000,0x0000000083f578b8,0x0000000087380000)
 Metaspace       used 20087K, capacity 20352K, committed 20736K, reserved 1067008K
  class space    used 2416K, capacity 2500K, committed 2560K, reserved 1048576K
}

Deoptimization events (10 events):
Event: 398.712 Thread 0x000000001ff25000 Uncommon trap: reason=class_check action=maybe_recompile pc=0x00000000048319c4 method=java.util.HashMap.putVal(ILjava/lang/Object;Ljava/lang/Object;ZZ)Ljava/lang/Object; @ 253
Event: 398.713 Thread 0x000000001ff25000 Uncommon trap: reason=class_check action=maybe_recompile pc=0x00000000048319c4 method=java.util.HashMap.putVal(ILjava/lang/Object;Ljava/lang/Object;ZZ)Ljava/lang/Object; @ 253
Event: 398.713 Thread 0x000000001ff25000 Uncommon trap: reason=class_check action=maybe_recompile pc=0x00000000048319c4 method=java.util.HashMap.putVal(ILjava/lang/Object;Ljava/lang/Object;ZZ)Ljava/lang/Object; @ 253
Event: 398.717 Thread 0x000000001ff25000 Uncommon trap: reason=class_check action=maybe_recompile pc=0x00000000048319c4 method=java.util.HashMap.putVal(ILjava/lang/Object;Ljava/lang/Object;ZZ)Ljava/lang/Object; @ 253
Event: 398.717 Thread 0x000000001ff25000 Uncommon trap: reason=class_check action=maybe_recompile pc=0x00000000047ee340 method=java.util.HashMap.putVal(ILjava/lang/Object;Ljava/lang/Object;ZZ)Ljava/lang/Object; @ 253
Event: 398.724 Thread 0x000000001ff25000 Uncommon trap: reason=unstable_if action=reinterpret pc=0x0000000004d82b98 method=java.io.WinNTFileSystem.normalize(Ljava/lang/String;)Ljava/lang/String; @ 128
Event: 398.725 Thread 0x000000001ff25000 Uncommon trap: reason=class_check action=maybe_recompile pc=0x0000000004a5ae1c method=java.util.HashSet.add(Ljava/lang/Object;)Z @ 8
Event: 398.823 Thread 0x000000001ff25000 Uncommon trap: reason=class_check action=maybe_recompile pc=0x0000000004a5ae1c method=java.util.HashSet.add(Ljava/lang/Object;)Z @ 8
Event: 398.883 Thread 0x000000001ff25000 Uncommon trap: reason=class_check action=maybe_recompile pc=0x0000000004a5ae1c method=java.util.HashSet.add(Ljava/lang/Object;)Z @ 8
Event: 402.807 Thread 0x000000001ff25000 Uncommon trap: reason=class_check action=maybe_recompile pc=0x0000000004a5ae1c method=java.util.HashSet.add(Ljava/lang/Object;)Z @ 8

Internal exceptions (10 events):
Event: 5.704 Thread 0x000000001c69e000 Exception <a 'java/lang/InterruptedException': sleep interrupted> (0x00000000d69049c8) thrown at [C:\re\workspace\8-2-build-windows-amd64-cygwin\jdk8u151\9699\hotspot\src\share\vm\prims\jvm.cpp, line 3180]
Event: 170.695 Thread 0x000000001c67f800 Implicit null exception at 0x0000000004ae9b3c to 0x0000000004aea179
Event: 182.839 Thread 0x000000001c4c5800 Implicit null exception at 0x0000000004af2193 to 0x0000000004af263d
Event: 191.342 Thread 0x000000001c67f800 Implicit null exception at 0x0000000004994857 to 0x0000000004994a3d
Event: 191.355 Thread 0x000000001c67f800 Implicit null exception at 0x0000000004899455 to 0x0000000004899591
Event: 191.358 Thread 0x000000001f09b800 Implicit null exception at 0x0000000004a537b0 to 0x0000000004a54d29
Event: 191.366 Thread 0x000000001f09b800 Implicit null exception at 0x0000000004a417d7 to 0x0000000004a41b31
Event: 194.257 Thread 0x000000001c67f800 Implicit null exception at 0x0000000004d93cb9 to 0x0000000004d95869
Event: 194.324 Thread 0x000000001c67f800 Implicit null exception at 0x0000000004d93cb9 to 0x0000000004d95869
Event: 205.129 Thread 0x000000001c67f800 Implicit null exception at 0x0000000004d93cb9 to 0x0000000004d95869

Events (10 events):
Event: 406.090 loading class com/googlecode/javacv/cpp/opencv_highgui$CvVideoWriter
Event: 406.090 loading class com/googlecode/javacv/cpp/opencv_highgui$CvVideoWriter done
Event: 406.091 loading class com/googlecode/javacv/cpp/opencv_highgui$CvCapture
Event: 406.091 loading class com/googlecode/javacv/cpp/opencv_highgui$CvCapture done
Event: 406.094 loading class com/googlecode/javacv/cpp/opencv_highgui$CvMouseCallback
Event: 406.094 loading class com/googlecode/javacv/cpp/opencv_highgui$CvMouseCallback done
Event: 406.098 loading class com/googlecode/javacv/cpp/opencv_highgui$CvTrackbarCallback2
Event: 406.098 loading class com/googlecode/javacv/cpp/opencv_highgui$CvTrackbarCallback2 done
Event: 406.102 loading class com/googlecode/javacv/cpp/opencv_highgui$CvTrackbarCallback
Event: 406.102 loading class com/googlecode/javacv/cpp/opencv_highgui$CvTrackbarCallback done


Dynamic libraries:
0x00007ff7a03a0000 - 0x00007ff7a03d7000 	C:\Program Files\Java\jdk1.8.0_151\jre\bin\java.exe
0x00007ffac7880000 - 0x00007ffac7a60000 	C:\WINDOWS\SYSTEM32\ntdll.dll
0x00007ffac6c10000 - 0x00007ffac6cbe000 	C:\WINDOWS\System32\KERNEL32.DLL
0x00007ffac47c0000 - 0x00007ffac4a26000 	C:\WINDOWS\System32\KERNELBASE.dll
0x00007ffac7240000 - 0x00007ffac72e1000 	C:\WINDOWS\System32\ADVAPI32.dll
0x00007ffac7040000 - 0x00007ffac70dd000 	C:\WINDOWS\System32\msvcrt.dll
0x00007ffac71e0000 - 0x00007ffac723b000 	C:\WINDOWS\System32\sechost.dll
0x00007ffac6dd0000 - 0x00007ffac6eef000 	C:\WINDOWS\System32\RPCRT4.dll
0x00007ffac73a0000 - 0x00007ffac752f000 	C:\WINDOWS\System32\USER32.dll
0x00007ffac3e50000 - 0x00007ffac3e70000 	C:\WINDOWS\System32\win32u.dll
0x00007ffac6370000 - 0x00007ffac6398000 	C:\WINDOWS\System32\GDI32.dll
0x00007ffac4620000 - 0x00007ffac47b3000 	C:\WINDOWS\System32\gdi32full.dll
0x00007ffac4a30000 - 0x00007ffac4acb000 	C:\WINDOWS\System32\msvcp_win.dll
0x00007ffac3d50000 - 0x00007ffac3e46000 	C:\WINDOWS\System32\ucrtbase.dll
0x00007ffaade90000 - 0x00007ffaae0f9000 	C:\WINDOWS\WinSxS\amd64_microsoft.windows.common-controls_6595b64144ccf1df_6.0.16299.192_none_15c8cdae9364c23b\COMCTL32.dll
0x00007ffac7530000 - 0x00007ffac7838000 	C:\WINDOWS\System32\combase.dll
0x00007ffac3c80000 - 0x00007ffac3cf2000 	C:\WINDOWS\System32\bcryptPrimitives.dll
0x00007ffac70e0000 - 0x00007ffac710d000 	C:\WINDOWS\System32\IMM32.DLL
0x000000006b7b0000 - 0x000000006b882000 	C:\Program Files\Java\jdk1.8.0_151\jre\bin\msvcr100.dll
0x000000006b890000 - 0x000000006c12d000 	C:\Program Files\Java\jdk1.8.0_151\jre\bin\server\jvm.dll
0x00007ffac7840000 - 0x00007ffac7848000 	C:\WINDOWS\System32\PSAPI.DLL
0x00007ffaaf720000 - 0x00007ffaaf729000 	C:\WINDOWS\SYSTEM32\WSOCK32.dll
0x00007ffab2500000 - 0x00007ffab2523000 	C:\WINDOWS\SYSTEM32\WINMM.dll
0x00007ffabcc40000 - 0x00007ffabcc4a000 	C:\WINDOWS\SYSTEM32\VERSION.dll
0x00007ffac7170000 - 0x00007ffac71dc000 	C:\WINDOWS\System32\WS2_32.dll
0x00007ffab2480000 - 0x00007ffab24aa000 	C:\WINDOWS\SYSTEM32\winmmbase.dll
0x00007ffac3d00000 - 0x00007ffac3d4a000 	C:\WINDOWS\System32\cfgmgr32.dll
0x000000006b760000 - 0x000000006b76f000 	C:\Program Files\Java\jdk1.8.0_151\jre\bin\verify.dll
0x000000006b730000 - 0x000000006b759000 	C:\Program Files\Java\jdk1.8.0_151\jre\bin\java.dll
0x000000006b710000 - 0x000000006b726000 	C:\Program Files\Java\jdk1.8.0_151\jre\bin\zip.dll
0x00007ffac4e60000 - 0x00007ffac6296000 	C:\WINDOWS\System32\SHELL32.dll
0x00007ffac6cc0000 - 0x00007ffac6d66000 	C:\WINDOWS\System32\shcore.dll
0x00007ffac3e70000 - 0x00007ffac45b7000 	C:\WINDOWS\System32\windows.storage.dll
0x00007ffac7110000 - 0x00007ffac7161000 	C:\WINDOWS\System32\shlwapi.dll
0x00007ffac3c40000 - 0x00007ffac3c51000 	C:\WINDOWS\System32\kernel.appcore.dll
0x00007ffac3bf0000 - 0x00007ffac3c3c000 	C:\WINDOWS\System32\powrprof.dll
0x00007ffac3bd0000 - 0x00007ffac3beb000 	C:\WINDOWS\System32\profapi.dll
0x000000006b530000 - 0x000000006b6c8000 	C:\Program Files\Java\jdk1.8.0_151\jre\bin\awt.dll
0x00007ffac62a0000 - 0x00007ffac6365000 	C:\WINDOWS\System32\OLEAUT32.dll
0x00007ffac2140000 - 0x00007ffac21c8000 	C:\WINDOWS\SYSTEM32\apphelp.dll
0x00007ffac2390000 - 0x00007ffac2425000 	C:\WINDOWS\system32\uxtheme.dll
0x00007ffac67f0000 - 0x00007ffac6957000 	C:\WINDOWS\System32\MSCTF.dll
0x00007ffac2460000 - 0x00007ffac248a000 	C:\WINDOWS\system32\dwmapi.dll
0x00007ffac6ef0000 - 0x00007ffac7039000 	C:\WINDOWS\System32\ole32.dll
0x000000006b4e0000 - 0x000000006b527000 	C:\Program Files\Java\jdk1.8.0_151\jre\bin\fontmanager.dll
0x00007ffa9d100000 - 0x00007ffa9d21e000 	C:\WINDOWS\system32\opengl32.dll
0x00007ffa9cc10000 - 0x00007ffa9cc3c000 	C:\WINDOWS\SYSTEM32\GLU32.dll
0x000000006b6f0000 - 0x000000006b70a000 	C:\Program Files\Java\jdk1.8.0_151\jre\bin\net.dll
0x00007ffac3460000 - 0x00007ffac34c6000 	C:\WINDOWS\system32\mswsock.dll
0x000000006b6d0000 - 0x000000006b6e1000 	C:\Program Files\Java\jdk1.8.0_151\jre\bin\nio.dll
0x000000006b490000 - 0x000000006b4d2000 	C:\Program Files\Java\jdk1.8.0_151\jre\bin\t2k.dll
0x00007ffaa2f60000 - 0x00007ffaa2ff8000 	C:\WINDOWS\System32\TextInputFramework.dll
0x00007ffaa75b0000 - 0x00007ffaa789e000 	C:\WINDOWS\System32\CoreUIComponents.dll
0x00007ffac14d0000 - 0x00007ffac15ac000 	C:\WINDOWS\System32\CoreMessaging.dll
0x00007ffac2e20000 - 0x00007ffac2e51000 	C:\WINDOWS\SYSTEM32\ntmarta.dll
0x00007ffac04f0000 - 0x00007ffac0626000 	C:\WINDOWS\SYSTEM32\wintypes.dll
0x00007ffac4db0000 - 0x00007ffac4e4e000 	C:\WINDOWS\System32\clbcatq.dll
0x00007ffaa79d0000 - 0x00007ffaa7b7b000 	C:\WINDOWS\SYSTEM32\WindowsCodecs.dll
0x00007ffa9db90000 - 0x00007ffa9dbdf000 	C:\WINDOWS\system32\dataexchange.dll
0x00007ffac11e0000 - 0x00007ffac14c1000 	C:\WINDOWS\system32\d3d11.dll
0x00007ffac1bc0000 - 0x00007ffac1d02000 	C:\WINDOWS\system32\dcomp.dll
0x00007ffac2a40000 - 0x00007ffac2aef000 	C:\WINDOWS\system32\dxgi.dll
0x00007ffac2490000 - 0x00007ffac260b000 	C:\WINDOWS\system32\twinapi.appcore.dll
0x00007ffac2610000 - 0x00007ffac2630000 	C:\WINDOWS\system32\RMCLIENT.dll
0x00007ffac3730000 - 0x00007ffac3755000 	C:\WINDOWS\system32\bcrypt.dll
0x000000006b450000 - 0x000000006b47a000 	C:\Program Files\Java\jdk1.8.0_151\jre\bin\dcpr.dll
0x000000006b330000 - 0x000000006b401000 	C:\Users\Chithen\AppData\Local\Temp\javacpp10775035855370\msvcr100.dll
0x000000006b290000 - 0x000000006b328000 	C:\Users\Chithen\AppData\Local\Temp\javacpp10775035855370\msvcp100.dll
0x0000000066840000 - 0x00000000676b4000 	C:\Users\Chithen\AppData\Local\Temp\javacpp10775035855370\opencv_ffmpeg248_64.dll
0x00007ffa6b150000 - 0x00007ffa6b3c2000 	C:\Users\Chithen\AppData\Local\Temp\javacpp10775035855370\opencv_core248.dll
0x00007ffa6ae90000 - 0x00007ffa6b142000 	C:\Users\Chithen\AppData\Local\Temp\javacpp10775035855370\opencv_imgproc248.dll
0x00007ffa6ac40000 - 0x00007ffa6ae8d000 	C:\Users\Chithen\AppData\Local\Temp\javacpp10775035855370\opencv_highgui248.dll
0x00007ffabf320000 - 0x00007ffabf33f000 	C:\WINDOWS\SYSTEM32\AVIFIL32.dll
0x00007ffabee60000 - 0x00007ffabee78000 	C:\WINDOWS\SYSTEM32\AVICAP32.dll
0x00007ffabee30000 - 0x00007ffabee59000 	C:\WINDOWS\SYSTEM32\MSVFW32.dll
0x00007ffabb210000 - 0x00007ffabb22c000 	C:\WINDOWS\SYSTEM32\MSACM32.dll
0x00007ffabee10000 - 0x00007ffabee23000 	C:\Users\Chithen\AppData\Local\Temp\javacpp10775035855370\jniopencv_highgui.dll
0x00007ffabec50000 - 0x00007ffabec68000 	C:\Windows\System32\devenum.dll
0x00007ffac63a0000 - 0x00007ffac67ee000 	C:\WINDOWS\System32\setupapi.dll
0x00007ffac39e0000 - 0x00007ffac3a07000 	C:\WINDOWS\SYSTEM32\DEVOBJ.dll
0x00007ffac45c0000 - 0x00007ffac4618000 	C:\WINDOWS\System32\WINTRUST.dll
0x00007ffac3c60000 - 0x00007ffac3c72000 	C:\WINDOWS\System32\MSASN1.dll
0x00007ffac4ad0000 - 0x00007ffac4c9e000 	C:\WINDOWS\System32\CRYPT32.dll
0x00007ffa94de0000 - 0x00007ffa94dea000 	C:\WINDOWS\SYSTEM32\msdmo.dll
0x00007ffabe8e0000 - 0x00007ffabe913000 	C:\Windows\System32\qcap.dll
0x00007ffa6aa80000 - 0x00007ffa6ac3c000 	C:\Windows\System32\quartz.dll
0x00007ffaa2700000 - 0x00007ffaa274e000 	C:\Windows\System32\mfksproxy.dll
0x00007ffabeca0000 - 0x00007ffabecbd000 	C:\Windows\System32\ATL.DLL
0x00007ffac0630000 - 0x00007ffac0666000 	C:\Windows\System32\MFSENSORGROUP.dll
0x00007ffabf5a0000 - 0x00007ffabf751000 	C:\Windows\System32\MFPlat.DLL
0x00007ffabf480000 - 0x00007ffabf4b2000 	C:\Windows\System32\RTWorkQ.DLL
0x00007ffab5dd0000 - 0x00007ffab5dd8000 	C:\WINDOWS\SYSTEM32\DCIMAN32.DLL
0x00007ffabc7e0000 - 0x00007ffabc84f000 	C:\WINDOWS\SYSTEM32\MMDevAPI.DLL
0x00007ffabfd80000 - 0x00007ffabff31000 	C:\WINDOWS\SYSTEM32\PROPSYS.dll
0x00007ffa94d90000 - 0x00007ffa94dd9000 	C:\Windows\System32\ksproxy.ax
0x00007ffabe060000 - 0x00007ffabe069000 	C:\Windows\System32\ksuser.dll
0x00007ffa8e510000 - 0x00007ffa8e6a5000 	C:\Windows\System32\d3d9.dll
0x00007ffabb230000 - 0x00007ffabb272000 	C:\WINDOWS\SYSTEM32\wdmaud.drv
0x00007ffabf3d0000 - 0x00007ffabf3da000 	C:\WINDOWS\SYSTEM32\AVRT.dll
0x00007ffac0a40000 - 0x00007ffac0abb000 	C:\WINDOWS\SYSTEM32\policymanager.dll
0x00007ffac08e0000 - 0x00007ffac0970000 	C:\Windows\System32\msvcp110_win.dll
0x00007ffaadd60000 - 0x00007ffaade82000 	C:\WINDOWS\SYSTEM32\AUDIOSES.DLL
0x00007ffabcb80000 - 0x00007ffabcb8c000 	C:\WINDOWS\SYSTEM32\msacm32.drv
0x00007ffabb200000 - 0x00007ffabb20a000 	C:\WINDOWS\SYSTEM32\midimap.dll
0x00007ffabe040000 - 0x00007ffabe055000 	C:\WINDOWS\SYSTEM32\vfwwdm32.dll
0x00007ffac0cf0000 - 0x00007ffac0cfc000 	C:\Windows\System32\vidcap.ax
0x00007ffab51a0000 - 0x00007ffab51c6000 	C:\Windows\System32\kswdmcap.ax
0x00007ffa6a910000 - 0x00007ffa6aa75000 	C:\Windows\System32\MFC42.dll

VM Arguments:
jvm_args: -Dfile.encoding=UTF-8 
java_command: public_access.jf_Splash
java_class_path (initial): E:\SE\xyzzyx_deepalsuranga\lib\MySQLDriver\mysql-connector-java-5.1.23-bin.jar;E:\SE\xyzzyx_deepalsuranga\lib\commons-beanutils-1.8.2.jar;E:\SE\xyzzyx_deepalsuranga\lib\commons-collections-3.2.1.jar;E:\SE\xyzzyx_deepalsuranga\lib\commons-digester-2.1.jar;E:\SE\xyzzyx_deepalsuranga\lib\commons-javaflow-20060411.jar;E:\SE\xyzzyx_deepalsuranga\lib\commons-logging-1.1.jar;E:\SE\xyzzyx_deepalsuranga\lib\jasperreports-5.0.1.jar;E:\SE\xyzzyx_deepalsuranga\lib\jasperreports-5.1.0.jar;E:\SE\xyzzyx_deepalsuranga\lib\mysql-connector-java-5.1.23-bin.jar;E:\SE\xyzzyx_deepalsuranga\lib\jcalendar-1.4.jar;E:\SE\xyzzyx_deepalsuranga\lib\DateChooser.jar;E:\SE\xyzzyx_deepalsuranga\lib\AbsoluteLayout.jar;E:\SE\xyzzyx_deepalsuranga\lib\mail.jar;E:\SE\xyzzyx_deepalsuranga\lib\balloontip-1.2.4.1.jar;E:\SE\xyzzyx_deepalsuranga\lib\javacv.jar;E:\SE\xyzzyx_deepalsuranga\lib\qrgen-1.0.jar;E:\SE\xyzzyx_deepalsuranga\lib\opencv-2.4.8-windows-x86.jar;E:\SE\xyzzyx_deepalsuranga\lib\opencv-2.4.8-windows-x86_64.jar;E:\SE\xyzzyx_deepalsuranga\lib\activation-1.1.jar;E:\SE\xyzzyx_deepalsuranga\lib\activation.jar;E:\SE\xyzzyx_deepalsuranga\lib\ffmpeg-2.1.1-windows-x86.jar;E:\SE\xyzzyx_deepalsuranga\lib\ffmpeg-2.1.1-windows-x86_64.jar;E:\SE\xyzzyx_deepalsuranga\lib\gimap.jar;E:\SE\xyzzyx_deepalsuranga\lib\javacpp.jar;E:\SE\xyzzyx_deepalsuranga\lib\javacv-android-arm.jar;E:\SE\xyzzyx_deepalsuranga\lib\javacv-linux-x86.jar;E:\SE\xyzzyx_deepalsuranga\lib\javacv-linux-x86_64.jar;E:\SE\xyzzyx_deepalsuranga\lib\javacv-macosx-x86_64.jar;E:\SE\xyzzyx_deepalsuranga\lib\javacv-windows-x86.jar;E:\SE\xyzzyx_deepalsuranga\lib\javacv-windows-x86_64.jar;E:\SE\xyzzyx_deepalsuranga\lib\zxing-core-1.7.jar;E:\SE\xyzzyx_deepalsuranga\lib\zxing-j2se-1.7.jar;E:\SE\xyzzyx_deepalsuranga\lib\groovy-all-1.7.5.jar;E:\SE\xyzzyx_deepalsuranga\lib\groovy-all-2.0.1.jar;E:\SE\xyzzyx_deepalsuranga\lib\groovy-all-1.0.jar;E:\SE\xyzzyx_deepalsuranga\lib\JNativeHook.jar;E:\SE\xyzzyx_deepalsuranga\lib\RXTXcomm.j
Launcher Type: SUN_STANDARD

Environment Variables:
PATH=C:\ProgramData\Oracle\Java\javapath;C:\Program Files (x86)\Intel\iCLS Client\;C:\Program Files\Intel\iCLS Client\;C:\Windows\system32;C:\Windows;C:\Windows\System32\Wbem;C:\Windows\System32\WindowsPowerShell\v1.0\;C:\Program Files (x86)\NVIDIA Corporation\PhysX\Common;C:\Program Files (x86)\Intel\Intel(R) Management Engine Components\DAL;C:\Program Files\Intel\Intel(R) Management Engine Components\DAL;C:\Program Files (x86)\Intel\Intel(R) Management Engine Components\IPT;C:\Program Files\Intel\Intel(R) Management Engine Components\IPT;C:\Program Files\Intel\WiFi\bin\;C:\Program Files\Common Files\Intel\WirelessCommon\;C:\WINDOWS\system32;C:\WINDOWS;C:\WINDOWS\System32\Wbem;C:\WINDOWS\System32\WindowsPowerShell\v1.0\;C:\Users\Chithen\AppData\Local\Microsoft\WindowsApps;C:\Program Files\Intel\WiFi\bin\;C:\Program Files\Common Files\Intel\WirelessCommon\;
USERNAME=Chithen
OS=Windows_NT
PROCESSOR_IDENTIFIER=Intel64 Family 6 Model 142 Stepping 10, GenuineIntel



---------------  S Y S T E M  ---------------

OS: Windows 10.0 , 64 bit Build 16299 (10.0.16299.15)

CPU:total 8 (initial active 8) (4 cores per cpu, 2 threads per core) family 6 model 142 stepping 10, cmov, cx8, fxsr, mmx, sse, sse2, sse3, ssse3, sse4.1, sse4.2, popcnt, avx, avx2, aes, clmul, erms, 3dnowpref, lzcnt, ht, tsc, tscinvbit, bmi1, bmi2, adx

Memory: 4k page, physical 8262884k(4145936k free), swap 12457188k(6898220k free)

vm_info: Java HotSpot(TM) 64-Bit Server VM (25.151-b12) for windows-amd64 JRE (1.8.0_151-b12), built on Sep  5 2017 19:33:46 by "java_re" with MS VC++ 10.0 (VS2010)

time: Sun Jan 21 21:24:37 2018
elapsed time: 407 seconds (0d 0h 6m 47s)

