JvmtiExport can_access_local_variables 0
JvmtiExport can_hotswap_or_post_breakpoint 0
JvmtiExport can_post_on_exceptions 0
# 158 ciObject found
ciMethod java/lang/Object <init> ()V 4097 1 32762 0 -1
ciMethod java/lang/String toLowerCase ()Ljava/lang/String; 2049 1 323 0 -1
ciMethod java/lang/System arraycopy (Ljava/lang/Object;ILjava/lang/Object;II)V 12289 1 1536 0 -1
ciMethod java/lang/StringBuilder <init> ()V 1881 1 2593 0 -1
ciMethod java/lang/StringBuilder append (Ljava/lang/String;)Ljava/lang/StringBuilder; 3937 1 5641 0 -1
ciMethod java/lang/StringBuilder append (I)Ljava/lang/StringBuilder; 0 0 122 0 -1
ciMethod java/lang/StringBuilder toString ()Ljava/lang/String; 1977 1 2835 0 -1
ciMethod java/security/AccessController doPrivileged (Ljava/security/PrivilegedExceptionAction;)Ljava/lang/Object; 1121 1 134 10 -1
ciMethod java/util/Vector size ()I 1025 1 128 0 -1
ciMethod java/util/Vector elementAt (I)Ljava/lang/Object; 1489 1 432 0 -1
ciMethod java/util/Vector removeElementAt (I)V 665 1 88 0 -1
ciMethod java/util/Vector elementData (I)Ljava/lang/Object; 2057 1 436 0 -1
ciMethod java/util/Stack push (Ljava/lang/Object;)Ljava/lang/Object; 705 1 88 0 -1
ciMethod java/util/Stack pop ()Ljava/lang/Object; 665 1 88 0 0
ciMethod java/util/Stack peek ()Ljava/lang/Object; 673 1 90 0 -1
ciMethod java/util/Stack empty ()Z 705 1 180 0 0
ciMethod java/util/ArrayList ensureCapacityInternal (I)V 2201 1 1999 0 -1
ciMethod java/util/ArrayList size ()I 1041 1 130 0 0
ciMethod java/util/ArrayList elementData (I)Ljava/lang/Object; 2113 1 8678 0 0
ciMethod java/util/ArrayList get (I)Ljava/lang/Object; 2049 1 8522 0 128
ciMethod java/util/ArrayList add (Ljava/lang/Object;)Z 2201 1 1879 0 0
ciMethod java/util/ArrayList rangeCheck (I)V 2057 1 8678 0 0
ciMethod java/util/HashMap containsKey (Ljava/lang/Object;)Z 681 1 1587 0 -1
ciMethod java/util/HashMap put (Ljava/lang/Object;Ljava/lang/Object;)Ljava/lang/Object; 2177 1 6079 0 -1
ciMethodData java/lang/Object <init> ()V 2 32762 orig 144 152 11 71 100 0 0 0 0 136 4 139 22 0 0 0 0 168 0 0 0 0 0 0 0 0 0 0 0 0 0 0 0 0 0 0 0 0 0 0 0 0 0 0 0 0 0 0 0 0 0 0 0 0 0 0 0 0 0 0 0 0 0 0 0 0 0 0 0 0 0 0 0 0 0 0 0 0 0 0 0 0 0 0 0 0 0 0 0 0 0 0 0 0 0 0 0 0 2 0 0 209 239 3 0 1 0 0 0 0 0 0 0 0 0 0 0 0 0 3 0 3 0 0 0 0 0 0 0 255 255 255 255 0 0 0 0 0 0 0 0 0 0 0 0 data 0 oops 0
ciMethod java/net/URL getPort ()I 1025 1 128 0 -1
ciMethod java/net/URL getDefaultPort ()I 689 1 86 0 -1
ciMethod java/net/URL getProtocol ()Ljava/lang/String; 1033 1 129 0 -1
ciMethod java/net/URL getHost ()Ljava/lang/String; 1033 1 129 0 -1
ciMethod java/net/URL getFile ()Ljava/lang/String; 1025 1 128 0 -1
ciMethod java/net/URLStreamHandler getDefaultPort ()I 2329 1 259 0 -1
ciMethod sun/misc/URLClassPath getLoader (I)Lsun/misc/URLClassPath$Loader; 2081 649 5394 0 -1
ciMethod sun/misc/URLClassPath getLoader (Ljava/net/URL;)Lsun/misc/URLClassPath$Loader; 593 1 74 5 0
ciMethod sun/misc/URLClassPath push ([Ljava/net/URL;)V 49 649 6 0 0
ciMethod sun/net/util/URLUtil urlNoFragString (Ljava/net/URL;)Ljava/lang/String; 665 1 86 0 0
ciMethod sun/misc/URLClassPath$3 <init> (Lsun/misc/URLClassPath;Ljava/net/URL;)V 593 1 74 0 -1
ciMethod sun/misc/URLClassPath$Loader getClassPath ()[Ljava/net/URL; 17 1 2 0 -1
ciMethod java/security/PrivilegedActionException getException ()Ljava/lang/Exception; 1025 1 97 0 -1
ciMethodData java/util/ArrayList rangeCheck (I)V 2 8678 orig 144 152 11 71 100 0 0 0 0 88 5 153 22 0 0 0 0 240 0 0 0 0 0 0 0 0 0 0 0 0 0 0 0 0 0 0 0 0 0 0 0 0 0 0 0 0 0 0 0 0 0 0 0 0 0 0 0 0 0 0 0 0 0 0 0 0 0 0 0 0 0 0 0 0 0 0 0 0 0 0 0 0 0 0 0 0 0 0 0 0 0 0 0 0 0 0 0 1 1 0 0 41 7 1 0 1 0 0 0 0 0 0 0 0 0 0 0 0 0 5 0 3 0 1 0 64 0 0 0 255 255 255 255 0 0 0 0 7 0 5 0 0 0 0 0 data 8 0x50007 0x20e5 0x40 0x0 0xe0002 0x0 0x110002 0x0 oops 0
ciMethodData java/util/ArrayList elementData (I)Ljava/lang/Object; 2 8678 orig 144 152 11 71 100 0 0 0 0 216 251 152 22 0 0 0 0 176 0 0 0 0 0 0 0 0 0 0 0 0 0 0 0 0 0 0 0 0 0 0 0 0 0 0 0 0 0 0 0 0 0 0 0 0 0 0 0 0 0 0 0 0 0 0 0 0 0 0 0 0 0 0 0 0 0 0 0 0 0 0 0 0 0 0 0 0 0 0 0 0 0 0 0 0 0 0 0 8 1 0 0 241 6 1 0 1 0 0 0